mode: set
code/cmd/gendiff/main.go:14.13,28.61 1 0
code/cmd/gendiff/main.go:28.61,30.29 1 0
code/cmd/gendiff/main.go:30.29,33.5 2 0
code/cmd/gendiff/main.go:35.4,39.18 5 0
code/cmd/gendiff/main.go:39.18,41.5 1 0
code/cmd/gendiff/main.go:43.4,44.14 2 0
code/cmd/gendiff/main.go:48.2,61.63 2 0
code/cmd/gendiff/main.go:61.63,63.3 1 0
code/formatters/formatters.go:5.63,6.16 1 1
code/formatters/formatters.go:7.15,8.21 1 1
code/formatters/formatters.go:9.14,10.20 1 1
code/formatters/formatters.go:11.10,12.23 1 1
code/formatters/json.go:16.47,19.16 3 1
code/formatters/json.go:19.16,21.3 1 0
code/formatters/json.go:22.2,22.21 1 1
code/formatters/json.go:25.52,27.26 2 1
code/formatters/json.go:27.26,29.19 2 1
code/formatters/json.go:30.25,31.24 1 1
code/formatters/json.go:32.27,33.24 1 1
code/formatters/json.go:34.27,36.24 2 1
code/formatters/json.go:37.29,38.24 1 1
code/formatters/json.go:39.26,40.41 1 1
code/formatters/json.go:42.3,42.30 1 1
code/formatters/json.go:44.2,44.15 1 1
code/formatters/json.go:47.49,48.11 1 1
code/formatters/json.go:49.24,50.17 1 1
code/formatters/json.go:51.26,52.19 1 1
code/formatters/json.go:53.26,54.19 1 1
code/formatters/json.go:55.25,56.18 1 1
code/formatters/json.go:57.10,58.21 1 1
code/formatters/plain.go:9.48,11.2 1 1
code/formatters/plain.go:13.63,15.29 2 1
code/formatters/plain.go:15.29,17.19 2 1
code/formatters/plain.go:17.19,19.4 1 1
code/formatters/plain.go:20.3,20.22 1 1
code/formatters/plain.go:21.25,22.95 1 1
code/formatters/plain.go:23.27,24.57 1 1
code/formatters/plain.go:25.27,26.122 1 1
code/formatters/plain.go:27.26,28.52 1 1
code/formatters/plain.go:31.2,31.20 1 1
code/formatters/plain.go:34.31,35.14 1 1
code/formatters/plain.go:35.14,37.3 1 1
code/formatters/plain.go:38.2,38.37 1 1
code/formatters/plain.go:38.37,40.3 1 1
code/formatters/plain.go:41.2,41.29 1 1
code/formatters/plain.go:41.29,43.3 1 1
code/formatters/plain.go:44.2,44.30 1 1
code/formatters/plain.go:44.30,45.29 1 1
code/formatters/plain.go:45.29,47.4 1 1
code/formatters/plain.go:48.3,48.30 1 1
code/formatters/plain.go:50.2,50.29 1 1
code/formatters/stylish.go:16.50,18.2 1 1
code/formatters/stylish.go:20.58,25.29 5 1
code/formatters/stylish.go:25.29,26.22 1 1
code/formatters/stylish.go:27.26,28.92 1 1
code/formatters/stylish.go:29.29,30.89 1 1
code/formatters/stylish.go:31.27,32.87 1 1
code/formatters/stylish.go:33.25,34.85 1 1
code/formatters/stylish.go:35.27,37.85 2 0
code/formatters/stylish.go:40.2,41.20 2 1
code/formatters/stylish.go:44.52,46.19 2 1
code/formatters/stylish.go:46.19,48.3 1 1
code/formatters/stylish.go:49.2,54.25 6 1
code/formatters/stylish.go:54.25,56.3 1 1
code/formatters/stylish.go:57.2,58.20 2 1
code/formatters/stylish.go:61.33,62.14 1 1
code/formatters/stylish.go:62.14,64.3 1 1
code/formatters/stylish.go:65.2,65.30 1 1
code/formatters/stylish.go:65.30,66.29 1 1
code/formatters/stylish.go:66.29,68.4 1 1
code/formatters/stylish.go:69.3,69.30 1 1
code/formatters/stylish.go:71.2,71.29 1 1
code/formatters/stylish.go:74.43,75.37 1 1
code/formatters/stylish.go:75.37,77.3 1 1
code/formatters/stylish.go:78.2,78.24 1 1
code/get_diff.go:20.51,22.2 1 1
code/get_diff.go:24.82,26.16 2 1
code/get_diff.go:26.16,28.3 1 1
code/get_diff.go:29.2,30.16 2 1
code/get_diff.go:30.16,32.3 1 1
code/get_diff.go:33.2,33.59 1 1
code/get_diff.go:36.55,40.16 3 1
code/get_diff.go:40.16,42.3 1 1
code/get_diff.go:44.2,44.18 1 1
code/get_diff.go:44.18,46.3 1 1
code/get_diff.go:48.2,49.16 2 1
code/get_diff.go:49.16,51.3 1 0
code/get_diff.go:53.2,53.85 1 1
code/get_diff.go:53.85,55.3 1 0
code/get_diff.go:57.2,58.16 2 1
code/get_diff.go:58.16,60.3 1 0
code/get_diff.go:62.2,63.37 2 1
code/get_diff.go:63.37,64.60 1 1
code/get_diff.go:64.60,66.4 1 1
code/get_diff.go:67.8,68.60 1 1
code/get_diff.go:68.60,70.4 1 1
code/get_diff.go:73.2,73.25 1 1
code/get_diff.go:76.50,78.16 2 1
code/get_diff.go:78.16,80.3 1 0
code/get_diff.go:81.2,81.15 1 1
code/get_diff.go:81.15,83.3 1 1
code/get_diff.go:85.2,87.16 3 1
code/get_diff.go:87.16,89.3 1 0
code/get_diff.go:91.2,92.25 2 1
code/get_diff.go:95.78,97.2 1 1
code/get_diff.go:99.55,103.27 4 1
code/get_diff.go:103.27,106.10 3 1
code/get_diff.go:107.19,110.18 3 1
code/get_diff.go:110.18,112.5 1 1
code/get_diff.go:112.10,112.40 1 1
code/get_diff.go:112.40,114.5 1 1
code/get_diff.go:114.10,116.5 1 1
code/get_diff.go:117.12,118.90 1 1
code/get_diff.go:119.11,120.88 1 1
code/get_diff.go:123.2,123.14 1 1
code/get_diff.go:126.46,128.20 2 1
code/get_diff.go:128.20,130.3 1 1
code/get_diff.go:131.2,131.20 1 1
code/get_diff.go:131.20,133.3 1 1
code/get_diff.go:134.2,135.22 2 1
code/get_diff.go:135.22,137.3 1 1
code/get_diff.go:138.2,138.13 1 1
code/get_diff.go:141.32,142.32 1 1
code/get_diff.go:142.32,144.3 1 1
code/get_diff.go:145.2,145.32 1 1
code/get_diff.go:145.32,147.3 1 1
code/get_diff.go:148.2,148.10 1 1
code/get_diff.go:151.33,153.62 2 1
code/get_diff.go:153.62,155.3 1 1
code/get_diff.go:156.2,156.10 1 1
code/test_utils.go:9.68,15.16 4 1
code/test_utils.go:15.16,17.3 1 0
code/test_utils.go:19.2,19.13 1 1
code/test_utils.go:22.68,28.16 4 1
code/test_utils.go:28.16,30.3 1 0
code/test_utils.go:32.2,32.13 1 1
